2022/03/17 14:19:11 [INFO] clientmgr.go:28: Create 20 Nebula Graph clients
2022/03/17 14:19:11 [INFO] reader.go:26: The delimiter of /Users/mizy/projects/nebula-data/fraud-detection/Paysim001.csv is U+002C ','
2022/03/17 14:19:11 [INFO] reader.go:64: Start to read file(1): /Users/mizy/projects/nebula-data/fraud-detection/Paysim001.csv, schema: < Transaction.transid:string,Transaction.step_a:int,:IGNORE,Transaction.amount:double,Transaction.nameOrig:string,:IGNORE,:IGNORE,Transaction.nameDest:string,Transaction.Fraud_amount:double,Transaction.Flagged_amount:double,Transaction.isFraud:bool,Transaction.isFlaggedFraud:bool,:VID(string) >
2022/03/17 14:19:11 [INFO] reader.go:26: The delimiter of /Users/mizy/projects/nebula-data/fraud-detection/email.csv is U+002C ','
2022/03/17 14:19:11 [INFO] reader.go:64: Start to read file(2): /Users/mizy/projects/nebula-data/fraud-detection/email.csv, schema: < :VID(string)/Email.email_id:string >
2022/03/17 14:19:11 [INFO] reader.go:180: Total lines of file(/Users/mizy/projects/nebula-data/fraud-detection/email.csv) is: 41, error lines: 0
2022/03/17 14:19:11 [INFO] reader.go:26: The delimiter of /Users/mizy/projects/nebula-data/fraud-detection/account.csv is U+002C ','
2022/03/17 14:19:11 [INFO] reader.go:64: Start to read file(0): /Users/mizy/projects/nebula-data/fraud-detection/account.csv, schema: < :VID(string)/P_Account.account_id:string >
2022/03/17 14:19:11 [INFO] reader.go:26: The delimiter of /Users/mizy/projects/nebula-data/fraud-detection/cash_in.csv is U+002C ','
2022/03/17 14:19:11 [INFO] reader.go:64: Start to read file(7): /Users/mizy/projects/nebula-data/fraud-detection/cash_in.csv, schema: < :IGNORE,:IGNORE,:IGNORE,:IGNORE,:IGNORE,:IGNORE,:IGNORE,:DST_VID(string),cash_in_dest.Fraud_amount:double,cash_in_dest.Flagged_amount:double,cash_in_dest.isFraud:bool,cash_in_dest.isFlaggedFraud:bool,:SRC_VID(string) >
2022/03/17 14:19:11 [INFO] reader.go:26: The delimiter of /Users/mizy/projects/nebula-data/fraud-detection/phone.csv is U+002C ','
2022/03/17 14:19:11 [INFO] reader.go:64: Start to read file(4): /Users/mizy/projects/nebula-data/fraud-detection/phone.csv, schema: < :VID(string)/Phone.phone_num:string >
2022/03/17 14:19:11 [INFO] reader.go:26: The delimiter of /Users/mizy/projects/nebula-data/fraud-detection/ip.csv is U+002C ','
2022/03/17 14:19:11 [INFO] reader.go:64: Start to read file(3): /Users/mizy/projects/nebula-data/fraud-detection/ip.csv, schema: < :VID(string)/Ip.ip_add:string >
2022/03/17 14:19:11 [INFO] reader.go:180: Total lines of file(/Users/mizy/projects/nebula-data/fraud-detection/phone.csv) is: 100, error lines: 0
2022/03/17 14:19:11 [INFO] reader.go:26: The delimiter of /Users/mizy/projects/nebula-data/fraud-detection/cash_in.csv is U+002C ','
2022/03/17 14:19:11 [INFO] reader.go:64: Start to read file(6): /Users/mizy/projects/nebula-data/fraud-detection/cash_in.csv, schema: < :IGNORE,:IGNORE,:IGNORE,:IGNORE,:SRC_VID(string),:IGNORE,:IGNORE,:IGNORE,cash_in_orig.Fraud_amount:double,cash_in_orig.Flagged_amount:double,cash_in_orig.isFraud:bool,cash_in_orig.isFlaggedFraud:bool,:DST_VID(string) >
2022/03/17 14:19:11 [INFO] reader.go:26: The delimiter of /Users/mizy/projects/nebula-data/fraud-detection/device.csv is U+002C ','
2022/03/17 14:19:11 [INFO] reader.go:64: Start to read file(5): /Users/mizy/projects/nebula-data/fraud-detection/device.csv, schema: < :VID(string)/Device.device_id:string >
2022/03/17 14:19:11 [INFO] reader.go:180: Total lines of file(/Users/mizy/projects/nebula-data/fraud-detection/device.csv) is: 53, error lines: 0
2022/03/17 14:19:11 [INFO] reader.go:26: The delimiter of /Users/mizy/projects/nebula-data/fraud-detection/cash_out.csv is U+002C ','
2022/03/17 14:19:11 [INFO] reader.go:64: Start to read file(8): /Users/mizy/projects/nebula-data/fraud-detection/cash_out.csv, schema: < :IGNORE,:IGNORE,:IGNORE,:IGNORE,:SRC_VID(string),:IGNORE,:IGNORE,:IGNORE,cash_out_orig.Fraud_amount:double,cash_out_orig.Flagged_amount:double,cash_out_orig.isFraud:bool,cash_out_orig.isFlaggedFraud:bool,:DST_VID(string) >
2022/03/17 14:19:11 [INFO] reader.go:26: The delimiter of /Users/mizy/projects/nebula-data/fraud-detection/cash_out.csv is U+002C ','
2022/03/17 14:19:11 [INFO] reader.go:64: Start to read file(9): /Users/mizy/projects/nebula-data/fraud-detection/cash_out.csv, schema: < :IGNORE,:IGNORE,:IGNORE,:IGNORE,:IGNORE,:IGNORE,:IGNORE,:DST_VID(string),cash_out_dest.Fraud_amount:double,cash_out_dest.Flagged_amount:double,cash_out_dest.isFraud:bool,cash_out_dest.isFlaggedFraud:bool,:SRC_VID(string) >
2022/03/17 14:19:11 [INFO] reader.go:180: Total lines of file(/Users/mizy/projects/nebula-data/fraud-detection/ip.csv) is: 1998, error lines: 0
2022/03/17 14:19:11 [INFO] reader.go:26: The delimiter of /Users/mizy/projects/nebula-data/fraud-detection/debit.csv is U+002C ','
2022/03/17 14:19:11 [INFO] reader.go:64: Start to read file(10): /Users/mizy/projects/nebula-data/fraud-detection/debit.csv, schema: < :IGNORE,:IGNORE,:IGNORE,:IGNORE,:SRC_VID(string),:IGNORE,:IGNORE,:IGNORE,debit_orig.Fraud_amount:double,debit_orig.Flagged_amount:double,debit_orig.isFraud:bool,debit_orig.isFlaggedFraud:bool,:DST_VID(string) >
2022/03/17 14:19:11 [INFO] reader.go:26: The delimiter of /Users/mizy/projects/nebula-data/fraud-detection/transfer.csv is U+002C ','
2022/03/17 14:19:11 [INFO] reader.go:64: Start to read file(15): /Users/mizy/projects/nebula-data/fraud-detection/transfer.csv, schema: < :IGNORE,:IGNORE,:IGNORE,:IGNORE,:IGNORE,:IGNORE,:IGNORE,:DST_VID(string),transfer_dest.Fraud_amount:double,transfer_dest.Flagged_amount:double,transfer_dest.isFraud:bool,transfer_dest.isFlaggedFraud:bool,:SRC_VID(string) >
2022/03/17 14:19:11 [INFO] reader.go:26: The delimiter of /Users/mizy/projects/nebula-data/fraud-detection/account.csv is U+002C ','
2022/03/17 14:19:11 [INFO] reader.go:26: The delimiter of /Users/mizy/projects/nebula-data/fraud-detection/transfer.csv is U+002C ','
2022/03/17 14:19:11 [INFO] reader.go:26: The delimiter of /Users/mizy/projects/nebula-data/fraud-detection/debit.csv is U+002C ','
2022/03/17 14:19:11 [INFO] reader.go:64: Start to read file(11): /Users/mizy/projects/nebula-data/fraud-detection/debit.csv, schema: < :IGNORE,:IGNORE,:IGNORE,:IGNORE,:IGNORE,:IGNORE,:IGNORE,:DST_VID(string),debit_dest.Fraud_amount:double,debit_dest.Flagged_amount:double,debit_dest.isFraud:bool,debit_dest.isFlaggedFraud:bool,:SRC_VID(string) >
2022/03/17 14:19:11 [INFO] reader.go:64: Start to read file(16): /Users/mizy/projects/nebula-data/fraud-detection/transfer.csv, schema: < :IGNORE,:IGNORE,:IGNORE,:IGNORE,:IGNORE,:IGNORE,:IGNORE,:DST_VID(string),transfer_dest.Fraud_amount:double,transfer_dest.Flagged_amount:double,transfer_dest.isFraud:bool,transfer_dest.isFlaggedFraud:bool,:SRC_VID(string) >
2022/03/17 14:19:11 [INFO] reader.go:64: Start to read file(17): /Users/mizy/projects/nebula-data/fraud-detection/account.csv, schema: < :SRC_VID(string),:IGNORE,:IGNORE,:IGNORE,:DST_VID(string) >
2022/03/17 14:19:11 [INFO] reader.go:26: The delimiter of /Users/mizy/projects/nebula-data/fraud-detection/transfer.csv is U+002C ','
2022/03/17 14:19:11 [INFO] reader.go:64: Start to read file(14): /Users/mizy/projects/nebula-data/fraud-detection/transfer.csv, schema: < :IGNORE,:IGNORE,:IGNORE,:IGNORE,:SRC_VID(string),:IGNORE,:IGNORE,:IGNORE,transfer_orig.Fraud_amount:double,transfer_orig.Flagged_amount:double,transfer_orig.isFraud:bool,transfer_orig.isFlaggedFraud:bool,:DST_VID(string) >
2022/03/17 14:19:11 [INFO] reader.go:26: The delimiter of /Users/mizy/projects/nebula-data/fraud-detection/payment.csv is U+002C ','
2022/03/17 14:19:11 [INFO] reader.go:64: Start to read file(13): /Users/mizy/projects/nebula-data/fraud-detection/payment.csv, schema: < :IGNORE,:IGNORE,:IGNORE,:IGNORE,:IGNORE,:IGNORE,:IGNORE,:DST_VID(string),payment_dest.Fraud_amount:double,payment_dest.Flagged_amount:double,payment_dest.isFraud:bool,payment_dest.isFlaggedFraud:bool,:SRC_VID(string) >
2022/03/17 14:19:11 [INFO] reader.go:26: The delimiter of /Users/mizy/projects/nebula-data/fraud-detection/payment.csv is U+002C ','
2022/03/17 14:19:11 [INFO] reader.go:64: Start to read file(12): /Users/mizy/projects/nebula-data/fraud-detection/payment.csv, schema: < :IGNORE,:IGNORE,:IGNORE,:IGNORE,:SRC_VID(string),:IGNORE,:IGNORE,:IGNORE,payment_orig.Fraud_amount:double,payment_orig.Flagged_amount:double,payment_orig.isFraud:bool,payment_orig.isFlaggedFraud:bool,:DST_VID(string) >
2022/03/17 14:19:11 [INFO] reader.go:180: Total lines of file(/Users/mizy/projects/nebula-data/fraud-detection/account.csv) is: 5612, error lines: 0
2022/03/17 14:19:11 [INFO] reader.go:26: The delimiter of /Users/mizy/projects/nebula-data/fraud-detection/account.csv is U+002C ','
2022/03/17 14:19:11 [INFO] reader.go:64: Start to read file(19): /Users/mizy/projects/nebula-data/fraud-detection/account.csv, schema: < :SRC_VID(string),:IGNORE,:DST_VID(string) >
2022/03/17 14:19:11 [INFO] reader.go:26: The delimiter of /Users/mizy/projects/nebula-data/fraud-detection/account.csv is U+002C ','
2022/03/17 14:19:11 [INFO] reader.go:64: Start to read file(18): /Users/mizy/projects/nebula-data/fraud-detection/account.csv, schema: < :SRC_VID(string),:DST_VID(string) >
2022/03/17 14:19:11 [INFO] reader.go:26: The delimiter of /Users/mizy/projects/nebula-data/fraud-detection/Paysim001.csv is U+002C ','
2022/03/17 14:19:11 [INFO] reader.go:64: Start to read file(21): /Users/mizy/projects/nebula-data/fraud-detection/Paysim001.csv, schema: < :IGNORE,:IGNORE,:IGNORE,:IGNORE,:IGNORE,:IGNORE,:IGNORE,:IGNORE,:IGNORE,:IGNORE,:IGNORE,:IGNORE,:SRC_VID(string),:DST_VID(string) >
2022/03/17 14:19:11 [INFO] reader.go:26: The delimiter of /Users/mizy/projects/nebula-data/fraud-detection/account.csv is U+002C ','
2022/03/17 14:19:11 [INFO] reader.go:64: Start to read file(20): /Users/mizy/projects/nebula-data/fraud-detection/account.csv, schema: < :SRC_VID(string),:IGNORE,:IGNORE,:DST_VID(string) >
2022/03/17 14:19:11 [INFO] reader.go:180: Total lines of file(/Users/mizy/projects/nebula-data/fraud-detection/account.csv) is: 5612, error lines: 0
2022/03/17 14:19:11 [INFO] reader.go:180: Total lines of file(/Users/mizy/projects/nebula-data/fraud-detection/account.csv) is: 5612, error lines: 0
2022/03/17 14:19:11 [INFO] reader.go:180: Total lines of file(/Users/mizy/projects/nebula-data/fraud-detection/account.csv) is: 5612, error lines: 0
2022/03/17 14:19:11 [INFO] reader.go:180: Total lines of file(/Users/mizy/projects/nebula-data/fraud-detection/account.csv) is: 5612, error lines: 0
2022/03/17 14:19:11 [INFO] reader.go:180: Total lines of file(/Users/mizy/projects/nebula-data/fraud-detection/debit.csv) is: 5431, error lines: 0
2022/03/17 14:19:11 [INFO] statsmgr.go:62: Done(/Users/mizy/projects/nebula-data/fraud-detection/email.csv): Time(16.11s), Finished(384), Failed(0), Read Failed(0), Latency AVG(2099us), Batches Req AVG(25562us), Rows AVG(23.84/s)
2022/03/17 14:19:11 [INFO] reader.go:180: Total lines of file(/Users/mizy/projects/nebula-data/fraud-detection/debit.csv) is: 5431, error lines: 0
2022/03/17 14:19:11 [INFO] statsmgr.go:62: Done(/Users/mizy/projects/nebula-data/fraud-detection/phone.csv): Time(16.14s), Finished(2372), Failed(0), Read Failed(0), Latency AVG(2791us), Batches Req AVG(25502us), Rows AVG(147.01/s)
2022/03/17 14:19:11 [INFO] statsmgr.go:62: Done(/Users/mizy/projects/nebula-data/fraud-detection/ip.csv): Time(16.18s), Finished(7794), Failed(0), Read Failed(0), Latency AVG(3469us), Batches Req AVG(27188us), Rows AVG(481.69/s)
2022/03/17 14:19:11 [INFO] reader.go:180: Total lines of file(/Users/mizy/projects/nebula-data/fraud-detection/transfer.csv) is: 20373, error lines: 0
2022/03/17 14:19:11 [INFO] statsmgr.go:62: Done(/Users/mizy/projects/nebula-data/fraud-detection/device.csv): Time(16.21s), Finished(15347), Failed(0), Read Failed(0), Latency AVG(4103us), Batches Req AVG(28308us), Rows AVG(946.74/s)
2022/03/17 14:19:11 [INFO] reader.go:180: Total lines of file(/Users/mizy/projects/nebula-data/fraud-detection/transfer.csv) is: 20373, error lines: 0
2022/03/17 14:19:11 [INFO] statsmgr.go:62: Done(/Users/mizy/projects/nebula-data/fraud-detection/account.csv): Time(16.26s), Finished(22924), Failed(0), Read Failed(0), Latency AVG(4514us), Batches Req AVG(29907us), Rows AVG(1409.67/s)
2022/03/17 14:19:11 [INFO] reader.go:180: Total lines of file(/Users/mizy/projects/nebula-data/fraud-detection/transfer.csv) is: 20373, error lines: 0
2022/03/17 14:19:11 [INFO] statsmgr.go:62: Done(/Users/mizy/projects/nebula-data/fraud-detection/account.csv): Time(16.30s), Finished(29070), Failed(0), Read Failed(0), Latency AVG(5187us), Batches Req AVG(30318us), Rows AVG(1783.28/s)
2022/03/17 14:19:11 [INFO] statsmgr.go:62: Done(/Users/mizy/projects/nebula-data/fraud-detection/account.csv): Time(16.40s), Finished(43044), Failed(0), Read Failed(0), Latency AVG(6330us), Batches Req AVG(32811us), Rows AVG(2624.84/s)
2022/03/17 14:19:11 [INFO] reader.go:180: Total lines of file(/Users/mizy/projects/nebula-data/fraud-detection/payment.csv) is: 78611, error lines: 0
2022/03/17 14:19:11 [INFO] reader.go:180: Total lines of file(/Users/mizy/projects/nebula-data/fraud-detection/cash_out.csv) is: 80960, error lines: 0
2022/03/17 14:19:11 [INFO] statsmgr.go:62: Done(/Users/mizy/projects/nebula-data/fraud-detection/account.csv): Time(16.44s), Finished(53564), Failed(0), Read Failed(0), Latency AVG(7151us), Batches Req AVG(34795us), Rows AVG(3258.32/s)
2022/03/17 14:19:11 [INFO] statsmgr.go:62: Done(/Users/mizy/projects/nebula-data/fraud-detection/debit.csv): Time(16.44s), Finished(54859), Failed(0), Read Failed(0), Latency AVG(7203us), Batches Req AVG(35075us), Rows AVG(3337.05/s)
2022/03/17 14:19:11 [INFO] reader.go:180: Total lines of file(/Users/mizy/projects/nebula-data/fraud-detection/payment.csv) is: 78611, error lines: 0
2022/03/17 14:19:11 [INFO] reader.go:180: Total lines of file(/Users/mizy/projects/nebula-data/fraud-detection/cash_out.csv) is: 80960, error lines: 0
2022/03/17 14:19:11 [INFO] statsmgr.go:62: Done(/Users/mizy/projects/nebula-data/fraud-detection/account.csv): Time(16.50s), Finished(68451), Failed(0), Read Failed(0), Latency AVG(7670us), Batches Req AVG(37287us), Rows AVG(4148.62/s)
2022/03/17 14:19:11 [INFO] reader.go:180: Total lines of file(/Users/mizy/projects/nebula-data/fraud-detection/cash_in.csv) is: 153355, error lines: 0
2022/03/17 14:19:11 [INFO] reader.go:180: Total lines of file(/Users/mizy/projects/nebula-data/fraud-detection/cash_in.csv) is: 153355, error lines: 0
2022/03/17 14:19:12 [INFO] reader.go:180: Total lines of file(/Users/mizy/projects/nebula-data/fraud-detection/Paysim001.csv) is: 338730, error lines: 0
2022/03/17 14:19:12 [INFO] statsmgr.go:62: Done(/Users/mizy/projects/nebula-data/fraud-detection/debit.csv): Time(16.86s), Finished(136336), Failed(0), Read Failed(0), Latency AVG(14715us), Batches Req AVG(49597us), Rows AVG(8088.05/s)
2022/03/17 14:19:12 [INFO] reader.go:180: Total lines of file(/Users/mizy/projects/nebula-data/fraud-detection/Paysim001.csv) is: 338730, error lines: 0
2022/03/17 14:19:12 [INFO] statsmgr.go:62: Done(/Users/mizy/projects/nebula-data/fraud-detection/transfer.csv): Time(17.24s), Finished(217113), Failed(0), Read Failed(0), Latency AVG(18800us), Batches Req AVG(59863us), Rows AVG(12595.97/s)
2022/03/17 14:19:12 [INFO] statsmgr.go:62: Done(/Users/mizy/projects/nebula-data/fraud-detection/transfer.csv): Time(17.58s), Finished(278416), Failed(0), Read Failed(0), Latency AVG(22019us), Batches Req AVG(66419us), Rows AVG(15838.31/s)
2022/03/17 14:19:13 [INFO] statsmgr.go:62: Done(/Users/mizy/projects/nebula-data/fraud-detection/transfer.csv): Time(17.74s), Finished(312153), Failed(0), Read Failed(0), Latency AVG(23570us), Batches Req AVG(68585us), Rows AVG(17599.53/s)
2022/03/17 14:19:14 [INFO] statsmgr.go:62: Done(/Users/mizy/projects/nebula-data/fraud-detection/cash_out.csv): Time(19.53s), Finished(689158), Failed(0), Read Failed(0), Latency AVG(31810us), Batches Req AVG(80369us), Rows AVG(35283.10/s)
2022/03/17 14:19:14 [INFO] statsmgr.go:62: Done(/Users/mizy/projects/nebula-data/fraud-detection/payment.csv): Time(19.73s), Finished(726789), Failed(0), Read Failed(0), Latency AVG(32361us), Batches Req AVG(81241us), Rows AVG(36838.66/s)
2022/03/17 14:19:15 [INFO] statsmgr.go:62: Done(/Users/mizy/projects/nebula-data/fraud-detection/payment.csv): Time(19.97s), Finished(783087), Failed(0), Read Failed(0), Latency AVG(32447us), Batches Req AVG(81732us), Rows AVG(39207.46/s)
2022/03/17 14:19:15 [INFO] statsmgr.go:62: Tick: Time(20.00s), Finished(790159), Failed(0), Read Failed(0), Latency AVG(32488us), Batches Req AVG(81816us), Rows AVG(39506.00/s)
2022/03/17 14:19:15 [INFO] statsmgr.go:62: Done(/Users/mizy/projects/nebula-data/fraud-detection/cash_out.csv): Time(20.51s), Finished(881151), Failed(0), Read Failed(0), Latency AVG(34810us), Batches Req AVG(85031us), Rows AVG(42969.54/s)
2022/03/17 14:19:17 [INFO] statsmgr.go:62: Done(/Users/mizy/projects/nebula-data/fraud-detection/cash_in.csv): Time(21.75s), Finished(1149555), Failed(0), Read Failed(0), Latency AVG(34598us), Batches Req AVG(85375us), Rows AVG(52840.97/s)
2022/03/17 14:19:17 [INFO] statsmgr.go:62: Done(/Users/mizy/projects/nebula-data/fraud-detection/cash_in.csv): Time(21.85s), Finished(1161400), Failed(0), Read Failed(0), Latency AVG(34746us), Batches Req AVG(85598us), Rows AVG(53155.60/s)
2022/03/17 14:19:18 [INFO] statsmgr.go:62: Done(/Users/mizy/projects/nebula-data/fraud-detection/Paysim001.csv): Time(23.28s), Finished(1353226), Failed(0), Read Failed(0), Latency AVG(39283us), Batches Req AVG(92842us), Rows AVG(58136.99/s)
2022/03/17 14:19:19 [INFO] statsmgr.go:62: Done(/Users/mizy/projects/nebula-data/fraud-detection/Paysim001.csv): Time(23.96s), Finished(1405545), Failed(0), Read Failed(0), Latency AVG(39132us), Batches Req AVG(92782us), Rows AVG(58656.02/s)
